Determining if the pthread_create exist failed with the following output:
Change Dir: /home/minho/fires/cell2fireML_v2/Cell2FireC/build/CMakeFiles/CMakeTmp

Run Build Command:"/usr/bin/make" "cmTC_2e45b/fast"
/usr/bin/make -f CMakeFiles/cmTC_2e45b.dir/build.make CMakeFiles/cmTC_2e45b.dir/build
make[1]: Entering directory '/home/minho/fires/cell2fireML_v2/Cell2FireC/build/CMakeFiles/CMakeTmp'
Building C object CMakeFiles/cmTC_2e45b.dir/CheckSymbolExists.c.o
/usr/bin/cc    -o CMakeFiles/cmTC_2e45b.dir/CheckSymbolExists.c.o   -c /home/minho/fires/cell2fireML_v2/Cell2FireC/build/CMakeFiles/CMakeTmp/CheckSymbolExists.c
Linking C executable cmTC_2e45b
/usr/bin/cmake -E cmake_link_script CMakeFiles/cmTC_2e45b.dir/link.txt --verbose=1
/usr/bin/cc      -rdynamic CMakeFiles/cmTC_2e45b.dir/CheckSymbolExists.c.o  -o cmTC_2e45b 
CMakeFiles/cmTC_2e45b.dir/CheckSymbolExists.c.o: In function `main':
CheckSymbolExists.c:(.text+0x1b): undefined reference to `pthread_create'
collect2: error: ld returned 1 exit status
CMakeFiles/cmTC_2e45b.dir/build.make:97: recipe for target 'cmTC_2e45b' failed
make[1]: *** [cmTC_2e45b] Error 1
make[1]: Leaving directory '/home/minho/fires/cell2fireML_v2/Cell2FireC/build/CMakeFiles/CMakeTmp'
Makefile:126: recipe for target 'cmTC_2e45b/fast' failed
make: *** [cmTC_2e45b/fast] Error 2

File /home/minho/fires/cell2fireML_v2/Cell2FireC/build/CMakeFiles/CMakeTmp/CheckSymbolExists.c:
/* */
#include <pthread.h>

int main(int argc, char** argv)
{
  (void)argv;
#ifndef pthread_create
  return ((int*)(&pthread_create))[argc];
#else
  (void)argc;
  return 0;
#endif
}

Determining if the function pthread_create exists in the pthreads failed with the following output:
Change Dir: /home/minho/fires/cell2fireML_v2/Cell2FireC/build/CMakeFiles/CMakeTmp

Run Build Command:"/usr/bin/make" "cmTC_6432f/fast"
/usr/bin/make -f CMakeFiles/cmTC_6432f.dir/build.make CMakeFiles/cmTC_6432f.dir/build
make[1]: Entering directory '/home/minho/fires/cell2fireML_v2/Cell2FireC/build/CMakeFiles/CMakeTmp'
Building C object CMakeFiles/cmTC_6432f.dir/CheckFunctionExists.c.o
/usr/bin/cc   -DCHECK_FUNCTION_EXISTS=pthread_create   -o CMakeFiles/cmTC_6432f.dir/CheckFunctionExists.c.o   -c /usr/share/cmake-3.10/Modules/CheckFunctionExists.c
Linking C executable cmTC_6432f
/usr/bin/cmake -E cmake_link_script CMakeFiles/cmTC_6432f.dir/link.txt --verbose=1
/usr/bin/cc  -DCHECK_FUNCTION_EXISTS=pthread_create    -rdynamic CMakeFiles/cmTC_6432f.dir/CheckFunctionExists.c.o  -o cmTC_6432f -lpthreads 
/usr/bin/ld: cannot find -lpthreads
collect2: error: ld returned 1 exit status
CMakeFiles/cmTC_6432f.dir/build.make:97: recipe for target 'cmTC_6432f' failed
make[1]: *** [cmTC_6432f] Error 1
make[1]: Leaving directory '/home/minho/fires/cell2fireML_v2/Cell2FireC/build/CMakeFiles/CMakeTmp'
Makefile:126: recipe for target 'cmTC_6432f/fast' failed
make: *** [cmTC_6432f/fast] Error 2


